Registry running on http://localhost:3000
Connected to SQLite database.
Headers: {
  host: 'localhost:3000',
  'user-agent': 'curl/8.5.0',
  accept: '*/*',
  'content-length': '98',
  'content-type': 'application/x-www-form-urlencoded'
}
Body: undefined
SyntaxError: Expected property name or '}' in JSON at position 1 (line 1 column 2)
    at JSON.parse (<anonymous>)
    at parse (/home/sionuk/Bureau/Fsk Language (Copie)/registry/node_modules/body-parser/lib/types/json.js:72:19)
    at /home/sionuk/Bureau/Fsk Language (Copie)/registry/node_modules/body-parser/lib/read.js:162:18
    at AsyncResource.runInAsyncScope (node:async_hooks:214:14)
    at invokeCallback (/home/sionuk/Bureau/Fsk Language (Copie)/registry/node_modules/raw-body/index.js:238:16)
    at done (/home/sionuk/Bureau/Fsk Language (Copie)/registry/node_modules/raw-body/index.js:227:7)
    at IncomingMessage.onEnd (/home/sionuk/Bureau/Fsk Language (Copie)/registry/node_modules/raw-body/index.js:287:7)
    at IncomingMessage.emit (node:events:519:28)
    at endReadableNT (node:internal/streams/readable:1698:12)
    at process.processTicksAndRejections (node:internal/process/task_queues:90:21)
Headers: {
  host: 'localhost:3000',
  'user-agent': 'curl/8.5.0',
  accept: '*/*',
  'content-type': 'application/json',
  'content-length': '82'
}
Body: {
  name: 'test-pkg',
  url: 'https://example.com',
  description: 'Desc',
  author: 'Me'
}
